proguard/seeds.txt
com.pacewear.lntconnect.MainActivity
com.pacewear.lntconnect.MainActivity: MainActivity()
com.pacewear.lntconnect.MainActivity: void onClick(android.view.View)
com.pacewear.lntconnect.R$anim
com.pacewear.lntconnect.R$anim: int abc_fade_in
com.pacewear.lntconnect.R$anim: int abc_fade_out
com.pacewear.lntconnect.R$anim: int abc_grow_fade_in_from_bottom
com.pacewear.lntconnect.R$anim: int abc_popup_enter
com.pacewear.lntconnect.R$anim: int abc_popup_exit
com.pacewear.lntconnect.R$anim: int abc_shrink_fade_out_from_bottom
com.pacewear.lntconnect.R$anim: int abc_slide_in_bottom
com.pacewear.lntconnect.R$anim: int abc_slide_in_top
com.pacewear.lntconnect.R$anim: int abc_slide_out_bottom
com.pacewear.lntconnect.R$anim: int abc_slide_out_top
com.pacewear.lntconnect.R$anim: R$anim()
com.pacewear.lntconnect.R$attr
com.pacewear.lntconnect.R$attr: int actionBarDivider
com.pacewear.lntconnect.R$attr: int actionBarItemBackground
com.pacewear.lntconnect.R$attr: int actionBarPopupTheme
com.pacewear.lntconnect.R$attr: int actionBarSize
com.pacewear.lntconnect.R$attr: int actionBarSplitStyle
com.pacewear.lntconnect.R$attr: int actionBarStyle
com.pacewear.lntconnect.R$attr: int actionBarTabBarStyle
com.pacewear.lntconnect.R$attr: int actionBarTabStyle
com.pacewear.lntconnect.R$attr: int actionBarTabTextStyle
com.pacewear.lntconnect.R$attr: int actionBarTheme
com.pacewear.lntconnect.R$attr: int actionBarWidgetTheme
com.pacewear.lntconnect.R$attr: int actionButtonStyle
com.pacewear.lntconnect.R$attr: int actionDropDownStyle
com.pacewear.lntconnect.R$attr: int actionLayout
com.pacewear.lntconnect.R$attr: int actionMenuTextAppearance
com.pacewear.lntconnect.R$attr: int actionMenuTextColor
com.pacewear.lntconnect.R$attr: int actionModeBackground
com.pacewear.lntconnect.R$attr: int actionModeCloseButtonStyle
com.pacewear.lntconnect.R$attr: int actionModeCloseDrawable
com.pacewear.lntconnect.R$attr: int actionModeCopyDrawable
com.pacewear.lntconnect.R$attr: int actionModeCutDrawable
com.pacewear.lntconnect.R$attr: int actionModeFindDrawable
com.pacewear.lntconnect.R$attr: int actionModePasteDrawable
com.pacewear.lntconnect.R$attr: int actionModePopupWindowStyle
com.pacewear.lntconnect.R$attr: int actionModeSelectAllDrawable
com.pacewear.lntconnect.R$bool
com.pacewear.lntconnect.R$bool: int abc_action_bar_embed_tabs
com.pacewear.lntconnect.R$bool: int abc_action_bar_embed_tabs_pre_jb
com.pacewear.lntconnect.R$bool: int abc_action_bar_expanded_action_views_exclusive
com.pacewear.lntconnect.R$bool: int abc_allow_stacked_button_bar
com.pacewear.lntconnect.R$bool: int abc_config_actionMenuItemAllCaps
com.pacewear.lntconnect.R$bool: int abc_config_allowActionMenuItemTextWithIcon
com.pacewear.lntconnect.R$bool: int abc_config_closeDialogWhenTouchOutside
com.pacewear.lntconnect.R$bool: int abc_config_showMenuShortcutsWhenKeyboardPresent
com.pacewear.lntconnect.R$bool: R$bool()
...
android.support.v4.app.NoSaveStateFrameLayout
android.support.v4.app.NoSaveStateFrameLayout: android.view.ViewGroup wrap(android.view.View)
android.support.v4.app.NoSaveStateFrameLayout: NoSaveStateFrameLayout(android.content.Context)
android.support.v4.app.NoSaveStateFrameLayout: void dispatchSaveInstanceState(android.util.SparseArray)
android.support.v4.app.NoSaveStateFrameLayout: void dispatchRestoreInstanceState(android.util.SparseArray)
android.support.v4.app.NotificationBuilderWithActions
android.support.v4.app.NotificationBuilderWithActions: void addAction(android.support.v4.app.NotificationCompatBase$Action)
android.support.v4.app.NotificationBuilderWithBuilderAccessor
android.support.v4.app.NotificationBuilderWithBuilderAccessor: android.app.Notification$Builder getBuilder()
android.support.v4.app.NotificationBuilderWithBuilderAccessor: android.app.Notification build()
android.support.v4.app.NotificationCompat
android.support.v4.app.NotificationCompat: int DEFAULT_ALL
android.support.v4.app.NotificationCompat: int DEFAULT_SOUND
android.support.v4.app.NotificationCompat: int DEFAULT_VIBRATE
android.support.v4.app.NotificationCompat: int DEFAULT_LIGHTS
android.support.v4.app.NotificationCompat: int STREAM_DEFAULT
android.support.v4.app.NotificationCompat: int FLAG_SHOW_LIGHTS
android.support.v4.app.NotificationCompat: int FLAG_ONGOING_EVENT
android.support.v4.app.NotificationCompat: int FLAG_INSISTENT
android.support.v4.app.NotificationCompat: int FLAG_ONLY_ALERT_ONCE
android.support.v4.app.NotificationCompat: int FLAG_AUTO_CANCEL
android.support.v4.app.NotificationCompat: int FLAG_NO_CLEAR
android.support.v4.app.NotificationCompat: int FLAG_FOREGROUND_SERVICE
android.support.v4.app.NotificationCompat: int FLAG_HIGH_PRIORITY
android.support.v4.app.NotificationCompat: int FLAG_LOCAL_ONLY
android.support.v4.app.NotificationCompat: int FLAG_GROUP_SUMMARY
android.support.v4.app.NotificationCompat: int PRIORITY_DEFAULT
android.support.v4.app.NotificationCompat: int PRIORITY_LOW
android.support.v4.app.NotificationCompat: int PRIORITY_MIN
android.support.v4.app.NotificationCompat: int PRIORITY_HIGH
android.support.v4.app.NotificationCompat: int PRIORITY_MAX
android.support.v4.app.NotificationCompat: java.lang.String EXTRA_TITLE
android.support.v4.app.NotificationCompat: java.lang.String EXTRA_TITLE_BIG
android.support.v4.app.NotificationCompat$1
android.support.v4.app.NotificationCompat$Action
android.support.v4.app.NotificationCompat$Action: android.os.Bundle mExtras
android.support.v4.app.NotificationCompat$Action: android.support.v4.app.RemoteInput[] mRemoteInputs
android.support.v4.app.NotificationCompat$Action: int icon
android.support.v4.app.NotificationCompat$Action: java.lang.CharSequence title
android.support.v4.app.NotificationCompat$Action: android.app.PendingIntent actionIntent
android.support.v4.app.NotificationCompat$Action: android.support.v4.app.NotificationCompatBase$Action$Factory FACTORY
android.support.v4.app.NotificationCompat$Action: NotificationCompat$Action(int,java.lang.CharSequence,android.app.PendingIntent)
android.support.v4.app.NotificationCompat$Action: NotificationCompat$Action(int,java.lang.CharSequence,android.app.PendingIntent,android.os.Bundle,android.support.v4.app.RemoteInput[])
android.support.v4.app.NotificationCompat$Action: int getIcon()
android.support.v4.app.NotificationCompat$Action: java.lang.CharSequence getTitle()
android.support.v4.app.NotificationCompat$Action: android.app.PendingIntent getActionIntent()
android.support.v4.app.NotificationCompat$Action: android.os.Bundle getExtras()
android.support.v4.app.NotificationCompat$Action: android.support.v4.app.RemoteInput[] getRemoteInputs()
android.support.v4.app.NotificationCompat$Action: android.support.v4.app.RemoteInputCompatBase$RemoteInput[] getRemoteInputs()