proguard/mapping.txt
com.pacewear.lntconnect.ConnectPaceFactoryImpl -> com.pacewear.lntconnect.a:
    com.pacewear.lntconnect.ConnectPaceFactoryImpl sInstance -> a
    com.pacewear.lntconnect.PaceApduClient mPaceApduClient -> b
    17:22:com.pacewear.lntconnect.ConnectPaceFactoryImpl getInstance() -> a
    31:31:java.lang.Object closeCommunication() -> closeCommunication
    36:37:java.lang.Object closeConnection() -> closeConnection
    42:43:void connection(android.content.Context,java.lang.String,com.lnt.connectfactorylibrary.ConnectReturnImpl) -> connection
    47:57:java.lang.Object getConnectState() -> getConnectState
    62:62:int getElectricQuantity() -> getElectricQuantity
    67:67:java.lang.Object ledShow() -> ledShow
    72:72:java.lang.Object openCommunication() -> openCommunication
    77:90:java.lang.Object powerOff() -> powerOff
    95:108:java.lang.Object powerOn() -> powerOn
    113:113:java.lang.Object shake() -> shake
    118:127:byte[] transmit(byte[]) -> transmit
com.pacewear.lntconnect.MainActivity -> com.pacewear.lntconnect.MainActivity:
    android.os.Handler mAsyncHandler -> a
    android.os.Looper mAsyncLooper -> b
    android.widget.Button mLntConnectBtn -> c
    android.widget.Button mLntDisconnectBtn -> d
    android.widget.Button mLntTransmitBtn -> e
    30:51:void onCreate(android.os.Bundle) -> onCreate
    55:90:void onClick(android.view.View) -> onClick
    93:100:void runLntTest() -> a
    92:92:void access$0(com.pacewear.lntconnect.MainActivity) -> a
com.pacewear.lntconnect.MainActivity$1 -> com.pacewear.lntconnect.b:
    com.pacewear.lntconnect.MainActivity this$0 -> a
    47:49:void run() -> run
com.pacewear.lntconnect.MainActivity$2 -> com.pacewear.lntconnect.c:
    com.pacewear.lntconnect.MainActivity this$0 -> a
    android.view.View val$arg0 -> b
    com.lnt.connectfactorylibrary.ConnectFactoryImpl val$impl -> c
    60:87:void run() -> run
com.pacewear.lntconnect.MainActivity$2$1 -> com.pacewear.lntconnect.d:
    com.pacewear.lntconnect.MainActivity$2 this$1 -> a
    67:68:void connectResult(boolean,java.lang.String) -> connectResult
com.pacewear.lntconnect.PaceApduClient -> com.pacewear.lntconnect.e:
    com.pacewear.tws.phoneside.wallet.IPaceApduService mService -> a
    android.content.Context mContext -> b
    java.lang.String mAddr -> c
    com.lnt.connectfactorylibrary.ConnectReturnImpl mLntConnectCallback -> d
    com.pacewear.tws.phoneside.wallet.IConnectCallback$Stub mConnectCallback -> e
    android.content.ServiceConnection mConnection -> f
    58:58:com.pacewear.tws.phoneside.wallet.IPaceApduService get() -> a
    66:72:void create(android.content.Context,java.lang.String,com.lnt.connectfactorylibrary.ConnectReturnImpl) -> a
    75:83:void destory() -> b
    86:88:boolean bindRemoteService(android.content.Context) -> a
    92:94:boolean bindCustomRemoteSedrvice(android.content.Context) -> b
    98:101:void unbindRemoteService() -> c
    104:108:void postConnectFailEvent(com.lnt.connectfactorylibrary.ConnectReturnImpl,int) -> a
    23:23:com.lnt.connectfactorylibrary.ConnectReturnImpl access$0(com.pacewear.lntconnect.PaceApduClient) -> a
    19:19:void access$1(com.pacewear.lntconnect.PaceApduClient,com.pacewear.tws.phoneside.wallet.IPaceApduService) -> a
    22:22:java.lang.String access$2(com.pacewear.lntconnect.PaceApduClient) -> b
    19:19:com.pacewear.tws.phoneside.wallet.IPaceApduService access$3(com.pacewear.lntconnect.PaceApduClient) -> c
    24:24:com.pacewear.tws.phoneside.wallet.IConnectCallback$Stub access$4(com.pacewear.lntconnect.PaceApduClient) -> d
com.pacewear.lntconnect.PaceApduClient$1 -> com.pacewear.lntconnect.f:
    com.pacewear.lntconnect.PaceApduClient this$0 -> a
    27:30:void onConnectResult(boolean,java.lang.String) -> a
...
android.support.v4.app.NotificationCompat$NotificationCompatImpl -> android.support.v4.app.NotificationCompat$NotificationCompatImpl:
    android.app.Notification build(android.support.v4.app.NotificationCompat$Builder,android.support.v4.app.NotificationCompat$BuilderExtender) -> build
    android.os.Bundle getExtras(android.app.Notification) -> getExtras
    int getActionCount(android.app.Notification) -> getActionCount
    android.support.v4.app.NotificationCompat$Action getAction(android.app.Notification,int) -> getAction
    android.support.v4.app.NotificationCompat$Action[] getActionsFromParcelableArrayList(java.util.ArrayList) -> getActionsFromParcelableArrayList
    java.util.ArrayList getParcelableArrayListForActions(android.support.v4.app.NotificationCompat$Action[]) -> getParcelableArrayListForActions
    java.lang.String getCategory(android.app.Notification) -> getCategory
    boolean getLocalOnly(android.app.Notification) -> getLocalOnly
    java.lang.String getGroup(android.app.Notification) -> getGroup
    boolean isGroupSummary(android.app.Notification) -> isGroupSummary
    java.lang.String getSortKey(android.app.Notification) -> getSortKey
    android.os.Bundle getBundleForUnreadConversation(android.support.v4.app.NotificationCompatBase$UnreadConversation) -> getBundleForUnreadConversation
android.support.v4.app.NotificationCompat$NotificationCompatImplApi20 -> android.support.v4.app.NotificationCompat$NotificationCompatImplApi20:
    705:713:android.app.Notification build(android.support.v4.app.NotificationCompat$Builder,android.support.v4.app.NotificationCompat$BuilderExtender) -> build
    718:718:android.support.v4.app.NotificationCompat$Action getAction(android.app.Notification,int) -> getAction
    725:725:android.support.v4.app.NotificationCompat$Action[] getActionsFromParcelableArrayList(java.util.ArrayList) -> getActionsFromParcelableArrayList
    732:732:java.util.ArrayList getParcelableArrayListForActions(android.support.v4.app.NotificationCompat$Action[]) -> getParcelableArrayListForActions
    737:737:boolean getLocalOnly(android.app.Notification) -> getLocalOnly
    742:742:java.lang.String getGroup(android.app.Notification) -> getGroup
    747:747:boolean isGroupSummary(android.app.Notification) -> isGroupSummary
    752:752:java.lang.String getSortKey(android.app.Notification) -> getSortKey
android.support.v4.app.NotificationCompat$NotificationCompatImplApi21 -> android.support.v4.app.NotificationCompat$NotificationCompatImplApi21:
    759:768:android.app.Notification build(android.support.v4.app.NotificationCompat$Builder,android.support.v4.app.NotificationCompat$BuilderExtender) -> build
    773:773:java.lang.String getCategory(android.app.Notification) -> getCategory
    778:778:android.os.Bundle getBundleForUnreadConversation(android.support.v4.app.NotificationCompatBase$UnreadConversation) -> getBundleForUnreadConversation
    785:785:android.support.v4.app.NotificationCompatBase$UnreadConversation getUnreadConversationFromBundle(android.os.Bundle,android.support.v4.app.NotificationCompatBase$UnreadConversation$Factory,android.support.v4.app.RemoteInputCompatBase$RemoteInput$Factory) -> getUnreadConversationFromBundle