proguard/usage.txt
com.pacewear.lntconnect.BuildConfig
com.pacewear.lntconnect.MainActivity:
    public static final java.lang.String TAG
com.pacewear.lntconnect.PaceApduClient:
    public static final java.lang.String TAG
    public static final java.lang.String PACEAPDU_ACTION
com.pacewear.lntconnect.R:
    10:10:public R()
com.pacewear.lntconnect.RunEnv
...
android.support.v7.widget.ActionBarContainer:
    230:230:public android.support.v7.view.ActionMode startActionModeForChild(android.view.View,android.support.v7.view.ActionMode$Callback)
android.support.v7.widget.ActionBarContextView:
    private static final java.lang.String TAG
    209:212:public boolean hideOverflowMenu()
    217:220:public boolean isOverflowMenuShowing()
    36:36:public bridge synthetic void dismissPopupMenus()
    36:36:public bridge synthetic boolean canShowOverflowMenu()
    36:36:public bridge synthetic boolean isOverflowReserved()
    36:36:public bridge synthetic boolean isOverflowMenuShowPending()
    36:36:public bridge synthetic void postShowOverflowMenu()
    36:36:public bridge synthetic void animateToVisibility(int)
android.support.v7.widget.ActionBarOverlayLayout:
    private static final java.lang.String TAG
    556:556:public boolean isHideOnContentScrollEnabled()
    645:646:public boolean hasIcon()
    651:652:public boolean hasLogo()
    717:719:public void saveToolbarHierarchyState(android.util.SparseArray)
    723:725:public void restoreToolbarHierarchyState(android.util.SparseArray)
android.support.v7.widget.ActionBarOverlayLayout$LayoutParams:
    747:748:public ActionBarOverlayLayout$LayoutParams(android.view.ViewGroup$MarginLayoutParams)
android.support.v7.widget.ActionMenuPresenter:
    private static final java.lang.String TAG
    144:147:public void setWidthLimit(int,boolean)
    155:157:public void setItemLimit(int)
    397:397:public boolean isOverflowReserved()
    542:544:public android.os.Parcelable onSaveInstanceState()
    549:557:public void onRestoreInstanceState(android.os.Parcelable)
android.support.v7.widget.ActionMenuView:
    private static final java.lang.String TAG
    static final int MIN_CELL_SIZE
    static final int GENERATED_ITEM_PADDING
android.support.v7.widget.ActionMenuView$LayoutParams:
    827:829:ActionMenuView$LayoutParams(int,int,boolean)
android.support.v7.widget.ActivityChooserModel:
    private static final boolean DEBUG
    private static final java.lang.String TAG_HISTORICAL_RECORDS
    private static final java.lang.String TAG_HISTORICAL_RECORD
    private static final java.lang.String ATTRIBUTE_ACTIVITY
    private static final java.lang.String ATTRIBUTE_TIME
    private static final java.lang.String ATTRIBUTE_WEIGHT
    public static final java.lang.String DEFAULT_HISTORY_FILE_NAME
    public static final int DEFAULT_HISTORY_MAX_LENGTH
    private static final int DEFAULT_ACTIVITY_INFLATION
    private static final float DEFAULT_HISTORICAL_RECORD_WEIGHT
    private static final java.lang.String HISTORY_FILE_EXTENSION
    private static final int INVALID_INDEX
    367:375:public void setIntent(android.content.Intent)
    383:385:public android.content.Intent getIntent()
    498:501:public void setOnChooseActivityListener(android.support.v7.widget.ActivityChooserModel$OnChooseActivityListener)
    588:597:public void setActivitySorter(android.support.v7.widget.ActivityChooserModel$ActivitySorter)
    613:623:public void setHistoryMaxSize(int)
    631:633:public int getHistoryMaxSize()
android.support.v7.widget.ActivityChooserModel$ActivityChooserModelClient
android.support.v7.widget.ActivityChooserModel$DefaultSorter:
    private static final float WEIGHT_DECAY_COEFFICIENT
android.support.v7.widget.ActivityChooserView:
    private static final java.lang.String LOG_TAG
android.support.v7.widget.ActivityChooserView$ActivityChooserViewAdapter:
    public static final int MAX_ACTIVITY_COUNT_UNLIMITED
    public static final int MAX_ACTIVITY_COUNT_DEFAULT
    private static final int ITEM_VIEW_TYPE_ACTIVITY
    private static final int ITEM_VIEW_TYPE_FOOTER
    private static final int ITEM_VIEW_TYPE_COUNT
android.support.v7.widget.AppCompatCompoundButtonHelper$DirectSetButtonDrawableInterface